<?xml version="1.0" encoding="UTF-8"?>
<testsuite xmlns:xsi="http://www.w3.org/2001/XMLSchema-instance" xsi:noNamespaceSchemaLocation="https://maven.apache.org/surefire/maven-surefire-plugin/xsd/surefire-test-report-3.0.xsd" version="3.0" name="Junit.junitTests.UsuarioDAOTest" time="0.376" tests="4" errors="0" skipped="0" failures="0">
  <properties>
[...]
</properties>
  <testcase name="testObterCodigoUsuarioPorNomeAcesso" classname="Junit.junitTests.UsuarioDAOTest" time="0.338"/>
  <testcase name="testAutenticacaoUsuario" classname="Junit.junitTests.UsuarioDAOTest" time="0.007"/>
  <testcase name="testNomeAcessoExistente" classname="Junit.junitTests.UsuarioDAOTest" time="0.006"/>
  <testcase name="testInserirUsuario" classname="Junit.junitTests.UsuarioDAOTest" time="0.007"/>
</testsuite>